c:\users\sadykov.aydar\desktop\psod_neva2\ltr_eu_2\ltr_eu_2\debug\vc142.pdb
c:\users\sadykov.aydar\desktop\psod_neva2\ltr_eu_2\ltr_eu_2\debug\vc142.idb
c:\users\sadykov.aydar\desktop\psod_neva2\ltr_eu_2\ltr_eu_2\debug\module_ltr_2.obj
c:\users\sadykov.aydar\desktop\psod_neva2\ltr_eu_2\ltr_eu_2\debug\module_ltr_1.obj
c:\users\sadykov.aydar\desktop\psod_neva2\ltr_eu_2\ltr_eu_2\debug\ltr_eu_2.obj
c:\users\sadykov.aydar\desktop\psod_neva2\ltr_eu_2\debug\ltr_eu_2.ilk
c:\users\sadykov.aydar\desktop\psod_neva2\ltr_eu_2\debug\ltr_eu_2.exe
c:\users\sadykov.aydar\desktop\psod_neva2\ltr_eu_2\debug\ltr_eu_2.pdb
c:\users\sadykov.aydar\desktop\psod_neva2\ltr_eu_2\debug\lpw25api.dll
c:\users\sadykov.aydar\desktop\psod_neva2\ltr_eu_2\debug\ltedsapi.dll
c:\users\sadykov.aydar\desktop\psod_neva2\ltr_eu_2\debug\ltr010api.dll
c:\users\sadykov.aydar\desktop\psod_neva2\ltr_eu_2\debug\ltr01api.dll
c:\users\sadykov.aydar\desktop\psod_neva2\ltr_eu_2\debug\ltr021api.dll
c:\users\sadykov.aydar\desktop\psod_neva2\ltr_eu_2\debug\ltr030api.dll
c:\users\sadykov.aydar\desktop\psod_neva2\ltr_eu_2\debug\ltr032api.dll
c:\users\sadykov.aydar\desktop\psod_neva2\ltr_eu_2\debug\ltr114api.dll
c:\users\sadykov.aydar\desktop\psod_neva2\ltr_eu_2\debug\ltr11api.dll
c:\users\sadykov.aydar\desktop\psod_neva2\ltr_eu_2\debug\ltr210api.dll
c:\users\sadykov.aydar\desktop\psod_neva2\ltr_eu_2\debug\ltr212api.dll
c:\users\sadykov.aydar\desktop\psod_neva2\ltr_eu_2\debug\ltr216api.dll
c:\users\sadykov.aydar\desktop\psod_neva2\ltr_eu_2\debug\ltr22api.dll
c:\users\sadykov.aydar\desktop\psod_neva2\ltr_eu_2\debug\ltr24api.dll
c:\users\sadykov.aydar\desktop\psod_neva2\ltr_eu_2\debug\ltr25api.dll
c:\users\sadykov.aydar\desktop\psod_neva2\ltr_eu_2\debug\ltr27api.dll
c:\users\sadykov.aydar\desktop\psod_neva2\ltr_eu_2\debug\ltr34api.dll
c:\users\sadykov.aydar\desktop\psod_neva2\ltr_eu_2\debug\ltr35api.dll
c:\users\sadykov.aydar\desktop\psod_neva2\ltr_eu_2\debug\ltr41api.dll
c:\users\sadykov.aydar\desktop\psod_neva2\ltr_eu_2\debug\ltr42api.dll
c:\users\sadykov.aydar\desktop\psod_neva2\ltr_eu_2\debug\ltr43api.dll
c:\users\sadykov.aydar\desktop\psod_neva2\ltr_eu_2\debug\ltr51api.dll
c:\users\sadykov.aydar\desktop\psod_neva2\ltr_eu_2\debug\ltrapi.dll
c:\users\sadykov.aydar\desktop\psod_neva2\ltr_eu_2\debug\ltravrapi.dll
c:\users\sadykov.aydar\desktop\psod_neva2\ltr_eu_2\debug\ltrbootapi.dll
c:\users\sadykov.aydar\desktop\psod_neva2\ltr_eu_2\debug\ltrlogapi.dll
c:\users\sadykov.aydar\desktop\psod_neva2\ltr_eu_2\debug\ltrt10api.dll
c:\users\sadykov.aydar\desktop\psod_neva2\ltr_eu_2\ltr_eu_2\debug\ltr_eu_2.tlog\cl.command.1.tlog
c:\users\sadykov.aydar\desktop\psod_neva2\ltr_eu_2\ltr_eu_2\debug\ltr_eu_2.tlog\cl.read.1.tlog
c:\users\sadykov.aydar\desktop\psod_neva2\ltr_eu_2\ltr_eu_2\debug\ltr_eu_2.tlog\cl.write.1.tlog
c:\users\sadykov.aydar\desktop\psod_neva2\ltr_eu_2\ltr_eu_2\debug\ltr_eu_2.tlog\link.command.1.tlog
c:\users\sadykov.aydar\desktop\psod_neva2\ltr_eu_2\ltr_eu_2\debug\ltr_eu_2.tlog\link.read.1.tlog
c:\users\sadykov.aydar\desktop\psod_neva2\ltr_eu_2\ltr_eu_2\debug\ltr_eu_2.tlog\link.write.1.tlog
c:\users\sadykov.aydar\desktop\psod_neva2\ltr_eu_2\ltr_eu_2\debug\ltr_eu_2.tlog\ltr_eu_2.write.1u.tlog
