c:\users\sadykov.aydar\desktop\psod_neva2\ltr_eu_2\ltr_eu_2\release\vc142.pdb
c:\users\sadykov.aydar\desktop\psod_neva2\ltr_eu_2\ltr_eu_2\release\module_ltr_2.obj
c:\users\sadykov.aydar\desktop\psod_neva2\ltr_eu_2\ltr_eu_2\release\module_ltr_1.obj
c:\users\sadykov.aydar\desktop\psod_neva2\ltr_eu_2\ltr_eu_2\release\ltr_eu_2.obj
c:\users\sadykov.aydar\desktop\psod_neva2\ltr_eu_2\release\ltr_eu_2.exe
c:\users\sadykov.aydar\desktop\psod_neva2\ltr_eu_2\release\ltr_eu_2.pdb
c:\users\sadykov.aydar\desktop\psod_neva2\ltr_eu_2\release\lpw25api.dll
c:\users\sadykov.aydar\desktop\psod_neva2\ltr_eu_2\release\ltedsapi.dll
c:\users\sadykov.aydar\desktop\psod_neva2\ltr_eu_2\release\ltr010api.dll
c:\users\sadykov.aydar\desktop\psod_neva2\ltr_eu_2\release\ltr01api.dll
c:\users\sadykov.aydar\desktop\psod_neva2\ltr_eu_2\release\ltr021api.dll
c:\users\sadykov.aydar\desktop\psod_neva2\ltr_eu_2\release\ltr030api.dll
c:\users\sadykov.aydar\desktop\psod_neva2\ltr_eu_2\release\ltr032api.dll
c:\users\sadykov.aydar\desktop\psod_neva2\ltr_eu_2\release\ltr114api.dll
c:\users\sadykov.aydar\desktop\psod_neva2\ltr_eu_2\release\ltr11api.dll
c:\users\sadykov.aydar\desktop\psod_neva2\ltr_eu_2\release\ltr210api.dll
c:\users\sadykov.aydar\desktop\psod_neva2\ltr_eu_2\release\ltr212api.dll
c:\users\sadykov.aydar\desktop\psod_neva2\ltr_eu_2\release\ltr216api.dll
c:\users\sadykov.aydar\desktop\psod_neva2\ltr_eu_2\release\ltr22api.dll
c:\users\sadykov.aydar\desktop\psod_neva2\ltr_eu_2\release\ltr24api.dll
c:\users\sadykov.aydar\desktop\psod_neva2\ltr_eu_2\release\ltr25api.dll
c:\users\sadykov.aydar\desktop\psod_neva2\ltr_eu_2\release\ltr27api.dll
c:\users\sadykov.aydar\desktop\psod_neva2\ltr_eu_2\release\ltr34api.dll
c:\users\sadykov.aydar\desktop\psod_neva2\ltr_eu_2\release\ltr35api.dll
c:\users\sadykov.aydar\desktop\psod_neva2\ltr_eu_2\release\ltr41api.dll
c:\users\sadykov.aydar\desktop\psod_neva2\ltr_eu_2\release\ltr42api.dll
c:\users\sadykov.aydar\desktop\psod_neva2\ltr_eu_2\release\ltr43api.dll
c:\users\sadykov.aydar\desktop\psod_neva2\ltr_eu_2\release\ltr51api.dll
c:\users\sadykov.aydar\desktop\psod_neva2\ltr_eu_2\release\ltrapi.dll
c:\users\sadykov.aydar\desktop\psod_neva2\ltr_eu_2\release\ltravrapi.dll
c:\users\sadykov.aydar\desktop\psod_neva2\ltr_eu_2\release\ltrbootapi.dll
c:\users\sadykov.aydar\desktop\psod_neva2\ltr_eu_2\release\ltrlogapi.dll
c:\users\sadykov.aydar\desktop\psod_neva2\ltr_eu_2\release\ltrt10api.dll
c:\users\sadykov.aydar\desktop\psod_neva2\ltr_eu_2\release\ltr_eu_2.ipdb
c:\users\sadykov.aydar\desktop\psod_neva2\ltr_eu_2\release\ltr_eu_2.iobj
c:\users\sadykov.aydar\desktop\psod_neva2\ltr_eu_2\ltr_eu_2\release\ltr_eu_2.tlog\cl.command.1.tlog
c:\users\sadykov.aydar\desktop\psod_neva2\ltr_eu_2\ltr_eu_2\release\ltr_eu_2.tlog\cl.read.1.tlog
c:\users\sadykov.aydar\desktop\psod_neva2\ltr_eu_2\ltr_eu_2\release\ltr_eu_2.tlog\cl.write.1.tlog
c:\users\sadykov.aydar\desktop\psod_neva2\ltr_eu_2\ltr_eu_2\release\ltr_eu_2.tlog\link.command.1.tlog
c:\users\sadykov.aydar\desktop\psod_neva2\ltr_eu_2\ltr_eu_2\release\ltr_eu_2.tlog\link.read.1.tlog
c:\users\sadykov.aydar\desktop\psod_neva2\ltr_eu_2\ltr_eu_2\release\ltr_eu_2.tlog\link.write.1.tlog
c:\users\sadykov.aydar\desktop\psod_neva2\ltr_eu_2\ltr_eu_2\release\ltr_eu_2.tlog\ltr_eu_2.write.1u.tlog
