c:\psod_neva2\ltr_eu_2\ltr_eu_2\x64\debug\vc142.pdb
c:\psod_neva2\ltr_eu_2\ltr_eu_2\x64\debug\vc142.idb
c:\psod_neva2\ltr_eu_2\ltr_eu_2\x64\debug\module_ltr_4.obj
c:\psod_neva2\ltr_eu_2\ltr_eu_2\x64\debug\module_ltr_3.obj
c:\psod_neva2\ltr_eu_2\ltr_eu_2\x64\debug\module_ltr_2.obj
c:\psod_neva2\ltr_eu_2\ltr_eu_2\x64\debug\module_ltr_1.obj
c:\psod_neva2\ltr_eu_2\ltr_eu_2\x64\debug\ltr_eu_2.obj
c:\psod_neva2\ltr_eu_2\ltr_eu_2\x64\debug\general_const.obj
c:\psod_neva2\ltr_eu_2\ltr_eu_2\x64\debug\bd_mysql.obj
c:\psod_neva2\ltr_eu_2\x64\debug\lpw25api.dll
c:\psod_neva2\ltr_eu_2\x64\debug\ltedsapi.dll
c:\psod_neva2\ltr_eu_2\x64\debug\ltr010api.dll
c:\psod_neva2\ltr_eu_2\x64\debug\ltr01api.dll
c:\psod_neva2\ltr_eu_2\x64\debug\ltr021api.dll
c:\psod_neva2\ltr_eu_2\x64\debug\ltr030api.dll
c:\psod_neva2\ltr_eu_2\x64\debug\ltr032api.dll
c:\psod_neva2\ltr_eu_2\x64\debug\ltr114api.dll
c:\psod_neva2\ltr_eu_2\x64\debug\ltr11api.dll
c:\psod_neva2\ltr_eu_2\x64\debug\ltr210api.dll
c:\psod_neva2\ltr_eu_2\x64\debug\ltr212api.dll
c:\psod_neva2\ltr_eu_2\x64\debug\ltr216api.dll
c:\psod_neva2\ltr_eu_2\x64\debug\ltr22api.dll
c:\psod_neva2\ltr_eu_2\x64\debug\ltr24api.dll
c:\psod_neva2\ltr_eu_2\x64\debug\ltr25api.dll
c:\psod_neva2\ltr_eu_2\x64\debug\ltr27api.dll
c:\psod_neva2\ltr_eu_2\x64\debug\ltr34api.dll
c:\psod_neva2\ltr_eu_2\x64\debug\ltr35api.dll
c:\psod_neva2\ltr_eu_2\x64\debug\ltr41api.dll
c:\psod_neva2\ltr_eu_2\x64\debug\ltr42api.dll
c:\psod_neva2\ltr_eu_2\x64\debug\ltr43api.dll
c:\psod_neva2\ltr_eu_2\x64\debug\ltr51api.dll
c:\psod_neva2\ltr_eu_2\x64\debug\ltrapi.dll
c:\psod_neva2\ltr_eu_2\x64\debug\ltravrapi.dll
c:\psod_neva2\ltr_eu_2\x64\debug\ltrbootapi.dll
c:\psod_neva2\ltr_eu_2\x64\debug\ltrlogapi.dll
c:\psod_neva2\ltr_eu_2\x64\debug\ltrt10api.dll
c:\psod_neva2\ltr_eu_2\x64\debug\ltr_eu_2.ilk
c:\psod_neva2\ltr_eu_2\x64\debug\ltr_eu_2.exe
c:\psod_neva2\ltr_eu_2\x64\debug\ltr_eu_2.pdb
c:\psod_neva2\ltr_eu_2\ltr_eu_2\x64\debug\ltr_eu_2.tlog\cl.command.1.tlog
c:\psod_neva2\ltr_eu_2\ltr_eu_2\x64\debug\ltr_eu_2.tlog\cl.read.1.tlog
c:\psod_neva2\ltr_eu_2\ltr_eu_2\x64\debug\ltr_eu_2.tlog\cl.write.1.tlog
c:\psod_neva2\ltr_eu_2\ltr_eu_2\x64\debug\ltr_eu_2.tlog\copylocal.read.1u.tlog
c:\psod_neva2\ltr_eu_2\ltr_eu_2\x64\debug\ltr_eu_2.tlog\copylocal.write.1u.tlog
c:\psod_neva2\ltr_eu_2\ltr_eu_2\x64\debug\ltr_eu_2.tlog\link.command.1.tlog
c:\psod_neva2\ltr_eu_2\ltr_eu_2\x64\debug\ltr_eu_2.tlog\link.read.1.tlog
c:\psod_neva2\ltr_eu_2\ltr_eu_2\x64\debug\ltr_eu_2.tlog\link.write.1.tlog
